This is XeTeX, Version 3.14159265-2.6-0.999992 (TeX Live 2020) (preloaded format=xelatex 2021.1.3)  9 JUL 2021 09:43
entering extended mode
 restricted \write18 enabled.
 %&-line parsing enabled.
**teaching_data_science.tex
(./teaching_data_science.tex
LaTeX2e <2020-02-02> patch level 5
L3 programming layer <2020-03-06> (./aims.cls
Document Class: aims 1999/05/06 v1.0
\linespacing=\dimen134
\normalparindent=\dimen135
\normaltopskip=\skip47
(/usr/local/texlive/2020/texmf-dist/tex/latex/amsmath/amsgen.sty
File: amsgen.sty 1999/11/30 v2.0 generic functions
\@emptytoks=\toks15
\ex@=\dimen136
) (/usr/local/texlive/2020/texmf-dist/tex/latex/amsmath/amsmath.sty
Package: amsmath 2020/01/20 v2.17e AMS math features
\@mathmargin=\skip48
For additional information on amsmath, use the `?' option.
(/usr/local/texlive/2020/texmf-dist/tex/latex/amsmath/amstext.sty
Package: amstext 2000/06/29 v2.01 AMS text
) (/usr/local/texlive/2020/texmf-dist/tex/latex/amsmath/amsbsy.sty
Package: amsbsy 1999/11/29 v1.2d Bold Symbols
\pmbraise@=\dimen137
) (/usr/local/texlive/2020/texmf-dist/tex/latex/amsmath/amsopn.sty
Package: amsopn 2016/03/08 v2.02 operator names
)
\inf@bad=\count163
LaTeX Info: Redefining \frac on input line 227.
\uproot@=\count164
\leftroot@=\count165
LaTeX Info: Redefining \overline on input line 389.
\classnum@=\count166
\DOTSCASE@=\count167
LaTeX Info: Redefining \ldots on input line 486.
LaTeX Info: Redefining \dots on input line 489.
LaTeX Info: Redefining \cdots on input line 610.
\Mathstrutbox@=\box45
\strutbox@=\box46
\big@size=\dimen138
LaTeX Font Info:    Redeclaring font encoding OML on input line 733.
LaTeX Font Info:    Redeclaring font encoding OMS on input line 734.
\macc@depth=\count168
\c@MaxMatrixCols=\count169
\dotsspace@=\muskip16
\c@parentequation=\count170
\dspbrk@lvl=\count171
\tag@help=\toks16
\row@=\count172
\column@=\count173
\maxfields@=\count174
\andhelp@=\toks17
\eqnshift@=\dimen139
\alignsep@=\dimen140
\tagshift@=\dimen141
\tagwidth@=\dimen142
\totwidth@=\dimen143
\lineht@=\dimen144
\@envbody=\toks18
\multlinegap=\skip49
\multlinetaggap=\skip50
\mathdisplay@stack=\toks19
LaTeX Info: Redefining \[ on input line 2859.
LaTeX Info: Redefining \] on input line 2860.
)
LaTeX Font Info:    Trying to load font information for U+msa on input line 327
.
(/usr/local/texlive/2020/texmf-dist/tex/latex/amsfonts/umsa.fd
File: umsa.fd 2013/01/14 v3.01 AMS symbols A
) (/usr/local/texlive/2020/texmf-dist/tex/latex/amsfonts/amsfonts.sty
Package: amsfonts 2013/01/14 v3.01 Basic AMSFonts support
\symAMSa=\mathgroup4
\symAMSb=\mathgroup5
LaTeX Font Info:    Redeclaring math symbol \hbar on input line 98.
LaTeX Font Info:    Overwriting math alphabet `\mathfrak' in version `bold'
(Font)                  U/euf/m/n --> U/euf/b/n on input line 106.
)
\copyins=\insert199
\abstractbox=\box47
\listisep=\skip51
\c@part=\count175
\c@section=\count176
\c@subsection=\count177
\c@subsubsection=\count178
\c@paragraph=\count179
\c@@refsection=\count180
(/usr/local/texlive/2020/texmf-dist/tex/latex/graphics/color.sty
Package: color 2019/11/23 v1.2a Standard LaTeX Color (DPC)
(/usr/local/texlive/2020/texmf-dist/tex/latex/graphics-cfg/color.cfg
File: color.cfg 2016/01/02 v1.6 sample color configuration
)
Package color Info: Driver file: xetex.def on input line 147.
(/usr/local/texlive/2020/texmf-dist/tex/latex/graphics-def/xetex.def
File: xetex.def 2017/06/24 v5.0h Graphics/color driver for xetex
)) (/usr/local/texlive/2020/texmf-dist/tex/latex/psnfss/pifont.sty
Package: pifont 2005/04/12 PSNFSS-v9.2a Pi font support (SPQR) 
LaTeX Font Info:    Trying to load font information for U+pzd on input line 63.

(/usr/local/texlive/2020/texmf-dist/tex/latex/psnfss/upzd.fd
File: upzd.fd 2001/06/04 font definitions for U/pzd.
)
LaTeX Font Info:    Trying to load font information for U+psy on input line 64.

(/usr/local/texlive/2020/texmf-dist/tex/latex/psnfss/upsy.fd
File: upsy.fd 2001/06/04 font definitions for U/psy.
))
\c@commentlabel=\count181
\c@figure=\count182
\c@table=\count183
\abovecaptionskip=\skip52
\belowcaptionskip=\skip53
\captionindent=\dimen145
(/usr/local/texlive/2020/texmf-dist/tex/latex/amscls/amsthm.sty
Package: amsthm 2017/10/31 v2.20.4
\thm@style=\toks20
\thm@bodyfont=\toks21
\thm@headfont=\toks22
\thm@notefont=\toks23
\thm@headpunct=\toks24
\thm@preskip=\skip54
\thm@postskip=\skip55
\thm@headsep=\skip56
\dth@everypar=\toks25
)
LaTeX Info: Redefining \textprime on input line 1387.
) (/usr/local/texlive/2020/texmf-dist/tex/latex/paralist/paralist.sty
Package: paralist 2017/01/22 v2.7 Extended list environments
\pltopsep=\skip57
\plpartopsep=\skip58
\plitemsep=\skip59
\plparsep=\skip60
\pl@lab=\toks26
) (/usr/local/texlive/2020/texmf-dist/tex/latex/graphics/graphics.sty
Package: graphics 2019/11/30 v1.4a Standard LaTeX Graphics (DPC,SPQR)
(/usr/local/texlive/2020/texmf-dist/tex/latex/graphics/trig.sty
Package: trig 2016/01/03 v1.10 sin cos tan (DPC)
) (/usr/local/texlive/2020/texmf-dist/tex/latex/graphics-cfg/graphics.cfg
File: graphics.cfg 2016/06/04 v1.11 sample graphics configuration
)
Package graphics Info: Driver file: xetex.def on input line 105.
) (/usr/local/texlive/2020/texmf-dist/tex/latex/graphics/epsfig.sty
Package: epsfig 2017/06/25 v1.7b (e)psfig emulation (SPQR)
(/usr/local/texlive/2020/texmf-dist/tex/latex/graphics/graphicx.sty
Package: graphicx 2019/11/30 v1.2a Enhanced LaTeX Graphics (DPC,SPQR)
(/usr/local/texlive/2020/texmf-dist/tex/latex/graphics/keyval.sty
Package: keyval 2014/10/28 v1.15 key=value parser (DPC)
\KV@toks@=\toks27
)
\Gin@req@height=\dimen146
\Gin@req@width=\dimen147
)
\epsfxsize=\dimen148
\epsfysize=\dimen149
) (/usr/local/texlive/2020/texmf-dist/tex/latex/epstopdf-pkg/epstopdf.sty
Package: epstopdf 2020-01-24 v2.11 Conversion with epstopdf on the fly (HO)
(/usr/local/texlive/2020/texmf-dist/tex/generic/infwarerr/infwarerr.sty
Package: infwarerr 2019/12/03 v1.5 Providing info/warning/error messages (HO)
) (/usr/local/texlive/2020/texmf-dist/tex/latex/grfext/grfext.sty
Package: grfext 2019/12/03 v1.3 Manage graphics extensions (HO)
(/usr/local/texlive/2020/texmf-dist/tex/generic/kvdefinekeys/kvdefinekeys.sty
Package: kvdefinekeys 2019-12-19 v1.6 Define keys (HO)
)) (/usr/local/texlive/2020/texmf-dist/tex/latex/kvoptions/kvoptions.sty
Package: kvoptions 2019/11/29 v3.13 Key value format for package options (HO)
(/usr/local/texlive/2020/texmf-dist/tex/generic/ltxcmds/ltxcmds.sty
Package: ltxcmds 2019/12/15 v1.24 LaTeX kernel commands for general use (HO)
) (/usr/local/texlive/2020/texmf-dist/tex/generic/kvsetkeys/kvsetkeys.sty
Package: kvsetkeys 2019/12/15 v1.18 Key value parser (HO)
)) (/usr/local/texlive/2020/texmf-dist/tex/latex/pdftexcmds/pdftexcmds.sty
Package: pdftexcmds 2019/11/24 v0.31 Utility functions of pdfTeX for LuaTeX (HO
)
(/usr/local/texlive/2020/texmf-dist/tex/generic/iftex/iftex.sty
Package: iftex 2020/03/06 v1.0d TeX engine tests
)
Package pdftexcmds Info: \pdf@primitive is available.
Package pdftexcmds Info: \pdf@ifprimitive is available.
Package pdftexcmds Info: \pdfdraftmode not found.
) (/usr/local/texlive/2020/texmf-dist/tex/latex/epstopdf-pkg/epstopdf-base.sty
Package: epstopdf-base 2020-01-24 v2.11 Base part for package epstopdf

Package epstopdf Warning: Drivers other than `pdftex' and `luatex' are not supp
orted.

)) (/usr/local/texlive/2020/texmf-dist/tex/latex/hyperref/hyperref.sty
Package: hyperref 2020/01/14 v7.00d Hypertext links for LaTeX
(/usr/local/texlive/2020/texmf-dist/tex/generic/pdfescape/pdfescape.sty
Package: pdfescape 2019/12/09 v1.15 Implements pdfTeX's escape features (HO)
) (/usr/local/texlive/2020/texmf-dist/tex/latex/hycolor/hycolor.sty
Package: hycolor 2020-01-27 v1.10 Color options for hyperref/bookmark (HO)
) (/usr/local/texlive/2020/texmf-dist/tex/latex/letltxmacro/letltxmacro.sty
Package: letltxmacro 2019/12/03 v1.6 Let assignment for LaTeX macros (HO)
) (/usr/local/texlive/2020/texmf-dist/tex/latex/auxhook/auxhook.sty
Package: auxhook 2019-12-17 v1.6 Hooks for auxiliary files (HO)
)
\@linkdim=\dimen150
\Hy@linkcounter=\count184
\Hy@pagecounter=\count185
(/usr/local/texlive/2020/texmf-dist/tex/latex/hyperref/pd1enc.def
File: pd1enc.def 2020/01/14 v7.00d Hyperref: PDFDocEncoding definition (HO)
) (/usr/local/texlive/2020/texmf-dist/tex/generic/intcalc/intcalc.sty
Package: intcalc 2019/12/15 v1.3 Expandable calculations with integers (HO)
) (/usr/local/texlive/2020/texmf-dist/tex/generic/etexcmds/etexcmds.sty
Package: etexcmds 2019/12/15 v1.7 Avoid name clashes with e-TeX commands (HO)
)
\Hy@SavedSpaceFactor=\count186
Package hyperref Info: Option `colorlinks' set `true' on input line 4421.
Package hyperref Info: Hyper figures OFF on input line 4547.
Package hyperref Info: Link nesting OFF on input line 4552.
Package hyperref Info: Hyper index ON on input line 4555.
Package hyperref Info: Plain pages OFF on input line 4562.
Package hyperref Info: Backreferencing OFF on input line 4567.
Package hyperref Info: Implicit mode ON; LaTeX internals redefined.
Package hyperref Info: Bookmarks ON on input line 4800.
\c@Hy@tempcnt=\count187
(/usr/local/texlive/2020/texmf-dist/tex/latex/url/url.sty
\Urlmuskip=\muskip17
Package: url 2013/09/16  ver 3.4  Verb mode for urls, etc.
)
LaTeX Info: Redefining \url on input line 5159.
\XeTeXLinkMargin=\dimen151
(/usr/local/texlive/2020/texmf-dist/tex/generic/bitset/bitset.sty
Package: bitset 2019/12/09 v1.3 Handle bit-vector datatype (HO)
(/usr/local/texlive/2020/texmf-dist/tex/generic/bigintcalc/bigintcalc.sty
Package: bigintcalc 2019/12/15 v1.5 Expandable calculations on big integers (HO
)
))
\Fld@menulength=\count188
\Field@Width=\dimen152
\Fld@charsize=\dimen153
Package hyperref Info: Hyper figures OFF on input line 6430.
Package hyperref Info: Link nesting OFF on input line 6435.
Package hyperref Info: Hyper index ON on input line 6438.
Package hyperref Info: backreferencing OFF on input line 6445.
Package hyperref Info: Link coloring ON on input line 6448.
Package hyperref Info: Link coloring with OCG OFF on input line 6455.
Package hyperref Info: PDF/A mode OFF on input line 6460.
LaTeX Info: Redefining \ref on input line 6500.
LaTeX Info: Redefining \pageref on input line 6504.
(/usr/local/texlive/2020/texmf-dist/tex/generic/atbegshi/atbegshi.sty
Package: atbegshi 2019/12/05 v1.19 At begin shipout hook (HO)
)
\Hy@abspage=\count189
\c@Item=\count190
\c@Hfootnote=\count191
)
Package hyperref Info: Driver (autodetected): hxetex.
(/usr/local/texlive/2020/texmf-dist/tex/latex/hyperref/hxetex.def
File: hxetex.def 2020/01/14 v7.00d Hyperref driver for XeTeX
(/usr/local/texlive/2020/texmf-dist/tex/latex/hyperref/puenc.def
File: puenc.def 2020/01/14 v7.00d Hyperref: PDF Unicode definition (HO)
) (/usr/local/texlive/2020/texmf-dist/tex/generic/stringenc/stringenc.sty
Package: stringenc 2019/11/29 v1.12 Convert strings between diff. encodings (HO
)
)
\pdfm@box=\box48
\c@Hy@AnnotLevel=\count192
\HyField@AnnotCount=\count193
\Fld@listcount=\count194
\c@bookmark@seq@number=\count195

(/usr/local/texlive/2020/texmf-dist/tex/latex/rerunfilecheck/rerunfilecheck.sty
Package: rerunfilecheck 2019/12/05 v1.9 Rerun checks for auxiliary files (HO)
(/usr/local/texlive/2020/texmf-dist/tex/latex/atveryend/atveryend.sty
Package: atveryend 2019-12-11 v1.11 Hooks at the very end of document (HO)
Package atveryend Info: \enddocument detected (standard20110627).
)
(/usr/local/texlive/2020/texmf-dist/tex/generic/uniquecounter/uniquecounter.sty
Package: uniquecounter 2019/12/15 v1.4 Provide unlimited unique counter (HO)
)
Package uniquecounter Info: New unique counter `rerunfilecheck' on input line 2
86.
)
\Hy@SectionHShift=\skip61
)
\c@theorem=\count196
\c@corollary=\count197
\c@proposition=\count198
\c@conjecture=\count266
\c@remark=\count267

(/usr/local/texlive/2020/texmf-dist/tex/latex/l3backend/l3backend-xdvipdfmx.def
File: l3backend-xdvipdfmx.def 2020-03-12 L3 backend support: xdvipdfmx
\g__graphics_track_int=\count268
\l__pdf_internal_box=\box49
\g__pdf_backend_object_int=\count269
\g__pdf_backend_annotation_int=\count270
)
No file teaching_data_science.aux.
\openout1 = `teaching_data_science.aux'.

LaTeX Font Info:    Checking defaults for OML/cmm/m/it on input line 88.
LaTeX Font Info:    ... okay on input line 88.
LaTeX Font Info:    Checking defaults for OMS/cmsy/m/n on input line 88.
LaTeX Font Info:    ... okay on input line 88.
LaTeX Font Info:    Checking defaults for OT1/cmr/m/n on input line 88.
LaTeX Font Info:    ... okay on input line 88.
LaTeX Font Info:    Checking defaults for T1/cmr/m/n on input line 88.
LaTeX Font Info:    ... okay on input line 88.
LaTeX Font Info:    Checking defaults for TS1/cmr/m/n on input line 88.
LaTeX Font Info:    Trying to load font information for TS1+cmr on input line 8
8.
(/usr/local/texlive/2020/texmf-dist/tex/latex/base/ts1cmr.fd
File: ts1cmr.fd 2019/12/16 v2.5j Standard LaTeX font definitions
)
LaTeX Font Info:    ... okay on input line 88.
LaTeX Font Info:    Checking defaults for TU/lmr/m/n on input line 88.
LaTeX Font Info:    ... okay on input line 88.
LaTeX Font Info:    Checking defaults for OMX/cmex/m/n on input line 88.
LaTeX Font Info:    ... okay on input line 88.
LaTeX Font Info:    Checking defaults for U/cmr/m/n on input line 88.
LaTeX Font Info:    ... okay on input line 88.
LaTeX Font Info:    Checking defaults for PD1/pdf/m/n on input line 88.
LaTeX Font Info:    ... okay on input line 88.
LaTeX Font Info:    Checking defaults for PU/pdf/m/n on input line 88.
LaTeX Font Info:    ... okay on input line 88.
LaTeX Font Info:    Trying to load font information for U+msa on input line 88.

(/usr/local/texlive/2020/texmf-dist/tex/latex/amsfonts/umsa.fd
File: umsa.fd 2013/01/14 v3.01 AMS symbols A
)
LaTeX Font Info:    Trying to load font information for U+msb on input line 88.

(/usr/local/texlive/2020/texmf-dist/tex/latex/amsfonts/umsb.fd
File: umsb.fd 2013/01/14 v3.01 AMS symbols B
)
\AtBeginShipoutBox=\box50
Package hyperref Info: Link coloring ON on input line 88.
(/usr/local/texlive/2020/texmf-dist/tex/latex/hyperref/nameref.sty
Package: nameref 2019/09/16 v2.46 Cross-referencing by name of section
(/usr/local/texlive/2020/texmf-dist/tex/latex/refcount/refcount.sty
Package: refcount 2019/12/15 v3.6 Data extraction from label references (HO)
)
(/usr/local/texlive/2020/texmf-dist/tex/generic/gettitlestring/gettitlestring.s
ty
Package: gettitlestring 2019/12/15 v1.6 Cleanup title references (HO)
)
\c@section@level=\count271
)
LaTeX Info: Redefining \ref on input line 88.
LaTeX Info: Redefining \pageref on input line 88.
LaTeX Info: Redefining \nameref on input line 88.
\@outlinefile=\write3
\openout3 = `teaching_data_science.out'.


Package hyperref Warning: Rerun to get /PageLabels entry.


Class aims Warning: Abstract should precede \maketitle in AMS documentclasses; 
reported on input line 121.

(/usr/local/texlive/2020/texmf-dist/tex/generic/stringenc/se-ascii-print.def
File: se-ascii-print.def 2019/11/29 v1.12 stringenc: Printable ASCII characters

)

LaTeX Warning: Citation `Marx2013' on page 1 undefined on input line 153.


LaTeX Warning: Citation `Baker2016' on page 1 undefined on input line 153.


LaTeX Warning: Citation `Banks2019' on page 1 undefined on input line 154.


LaTeX Warning: Citation `Donoho2017' on page 1 undefined on input line 160.


LaTeX Warning: Citation `Cetinkaya-Rundel2021' on page 1 undefined on input lin
e 160.


LaTeX Warning: Citation `Cetinkaya-Rundel2021' on page 1 undefined on input lin
e 167.


Overfull \vbox (5.87941pt too high) has occurred while \output is active []

[1]

LaTeX Warning: Citation `Fiksel2019' on page 2 undefined on input line 179.


LaTeX Warning: Citation `Hsing2019' on page 2 undefined on input line 179.


LaTeX Warning: Citation `Baumer2014' on page 2 undefined on input line 183.


LaTeX Warning: Citation `Onwuegbuzie2003' on page 2 undefined on input line 193
.


LaTeX Warning: Citation `Theobold2021' on page 2 undefined on input line 199.


LaTeX Warning: Citation `Rstudio2015' on page 2 undefined on input line 200.


LaTeX Warning: Citation `Cetinkaya-Rundel2018' on page 2 undefined on input lin
e 208.


LaTeX Warning: Citation `Boettiger2015' on page 2 undefined on input line 208.


LaTeX Warning: Citation `Larwin2011' on page 2 undefined on input line 212.


LaTeX Warning: Citation `Auker2020' on page 2 undefined on input line 214.


LaTeX Warning: Citation `Krathwohl2002' on page 2 undefined on input line 223.


LaTeX Warning: Citation `Freeman2014' on page 2 undefined on input line 225.


LaTeX Warning: Citation `Freeman2014' on page 2 undefined on input line 230.


LaTeX Warning: Citation `Spadafora2018' on page 2 undefined on input line 233.


LaTeX Warning: Citation `Burton2011' on page 2 undefined on input line 235.


Underfull \vbox (badness 10000) has occurred while \output is active []


Overfull \vbox (1.356pt too high) has occurred while \output is active []

[2]

LaTeX Warning: Citation `Estrellado2020' on page 3 undefined on input line 239.


[3]

LaTeX Warning: Citation `Rcoreteam2021' on page 4 undefined on input line 358.


Underfull \vbox (badness 10000) has occurred while \output is active []


Overfull \vbox (1.356pt too high) has occurred while \output is active []

[4]

LaTeX Warning: Reference `tab:tab_ex_levels_summary' on page 5 undefined on inp
ut line 386.


Overfull \hbox (4.78001pt too wide) in paragraph at lines 383--388
[]\TU/lmr/m/n/10 The course material is organized in a way that favors autonomy
 and self-assessment
 []


Overfull \hbox (1.55006pt too wide) in paragraph at lines 393--406
 [][] 
 []


Overfull \hbox (43.25pt too wide) in paragraph at lines 408--414
\TU/lmr/m/n/10 figures and table in this paper is available at [][]$[][][][][] 
[] [] [] [][][][][][] [] [][][] [] [][][][][][][][][][][][][][][][][][][][][][]
 []
 []


LaTeX Warning: Citation `Kohonen1995' on page 5 undefined on input line 419.


LaTeX Warning: Citation `Wehrens2018' on page 5 undefined on input line 422.


LaTeX Warning: Citation `Hart1988' on page 5 undefined on input line 426.


LaTeX Warning: Citation `Byers1989' on page 5 undefined on input line 429.


LaTeX Warning: Reference `tab:tab_course' on page 5 undefined on input line 437
.


Underfull \vbox (badness 5563) has occurred while \output is active []

[5]

LaTeX Warning: Reference `tab:tab_course' on page 6 undefined on input line 501
.


Overfull \vbox (1.356pt too high) has occurred while \output is active []

[6]
File: teaching_data_science_files/figure-latex/fig_learn_trials-1.pdf Graphic f
ile (type pdf)
<use teaching_data_science_files/figure-latex/fig_learn_trials-1.pdf>

LaTeX Warning: Reference `fig:fig_learn_trials' on page 7 undefined on input li
ne 519.

File: teaching_data_science_files/figure-latex/fig_rtlx-1.pdf Graphic file (typ
e pdf)
<use teaching_data_science_files/figure-latex/fig_rtlx-1.pdf>

LaTeX Warning: Reference `fig:fig_rtlx' on page 7 undefined on input line 542.

[7]
File: teaching_data_science_files/figure-latex/fig_exams_projects-1.pdf Graphic
 file (type pdf)
<use teaching_data_science_files/figure-latex/fig_exams_projects-1.pdf>

LaTeX Warning: Reference `fig:fig_exams_projects' on page 8 undefined on input 
line 569.


Overfull \vbox (1.356pt too high) has occurred while \output is active []

[8] [9]
Overfull \hbox (1.23502pt too wide) in paragraph at lines 686--691
[]\TU/lmr/m/n/10 contributions/ind. projects: the number of lines changed -adde
d or subtracted-
 []


Overfull \vbox (1.356pt too high) has occurred while \output is active []

[10]

LaTeX Warning: Reference `fig:fig_som' on page 11 undefined on input line 731.

File: teaching_data_science_files/figure-latex/fig_som-1.pdf Graphic file (type
 pdf)
<use teaching_data_science_files/figure-latex/fig_som-1.pdf>

LaTeX Warning: Reference `fig:fig_som' on page 11 undefined on input line 739.

[11]
Overfull \vbox (1.356pt too high) has occurred while \output is active []

[12]

LaTeX Warning: Reference `fig:fig_support_by_time' on page 13 undefined on inpu
t line 829.

File: teaching_data_science_files/figure-latex/fig_support_by_time-1.pdf Graphi
c file (type pdf)
<use teaching_data_science_files/figure-latex/fig_support_by_time-1.pdf>

LaTeX Warning: Reference `fig:fig_support_by_time' on page 13 undefined on inpu
t line 844.


LaTeX Warning: Reference `fig:fig_support_by_time' on page 13 undefined on inpu
t line 856.


LaTeX Warning: Reference `fig:fig_support_by_time' on page 13 undefined on inpu
t line 870.


LaTeX Warning: Citation `Sousa2018' on page 13 undefined on input line 886.


LaTeX Warning: Citation `Spadafora2018' on page 13 undefined on input line 894.



LaTeX Warning: Citation `Compeau2019' on page 13 undefined on input line 897.

[13]
Overfull \vbox (1.356pt too high) has occurred while \output is active []

[14]

LaTeX Warning: Citation `Freeman2014' on page 15 undefined on input line 906.


LaTeX Warning: Citation `Spadafora2018' on page 15 undefined on input line 927.



LaTeX Warning: Citation `Auker2020' on page 15 undefined on input line 935.


LaTeX Warning: Reference `fig:fig_som' on page 15 undefined on input line 946.


LaTeX Warning: Reference `fig:fig_exams_projects' on page 15 undefined on input
 line 954.


Underfull \vbox (badness 10000) has occurred while \output is active []

[15]

LaTeX Warning: Citation `Siemens2013' on page 16 undefined on input line 993.


LaTeX Warning: Citation `Freeman2014' on page 16 undefined on input line 1023.


Underfull \vbox (badness 10000) has occurred while \output is active []


Overfull \vbox (1.356pt too high) has occurred while \output is active []

[16]

LaTeX Warning: Citation `Spadafora2018' on page 17 undefined on input line 1049
.

! Misplaced alignment tab character &.
l.1091 , Docq, F .. &
                      Villiot-Leclercq, E. (2011). Vers une typologie des di...
 
Here is how much of TeX's memory you used:
 9749 strings out of 479418
 141393 string characters out of 5884586
 402431 words of memory out of 5000000
 26941 multiletter control sequences out of 15000+600000
 538315 words of font info for 63 fonts, out of 8000000 for 9000
 1515 hyphenation exceptions out of 8191
 34i,9n,46p,781b,388s stack positions out of 5000i,500n,10000p,200000b,80000s
Output written on teaching_data_science.pdf (16 pages).
